<?xml version="1.0" encoding="UTF-8"?>
<testng-results ignored="0" total="1" passed="1" failed="0" skipped="0">
  <reporter-output>
  </reporter-output>
  <suite started-at="2022-06-25T22:37:15 IST" name="Default suite" finished-at="2022-06-25T22:37:44 IST" duration-ms="29588">
    <groups>
      <group name="cucumber">
        <method signature="AbstractTestNGCucumberTests.runScenario(cucumber.api.testng.PickleEventWrapper,cucumber.api.testng.CucumberFeatureWrapper)[pri:0, instance:runner.TestRunner@708f5957]" name="runScenario" class="cucumber.api.testng.AbstractTestNGCucumberTests"/>
      </group> <!-- cucumber -->
    </groups>
    <test started-at="2022-06-25T22:37:15 IST" name="Default test" finished-at="2022-06-25T22:37:44 IST" duration-ms="29588">
      <class name="runner.TestRunner">
        <test-method is-config="true" signature="setUpClass()[pri:0, instance:runner.TestRunner@708f5957]" started-at="2022-06-25T22:37:15 IST" name="setUpClass" finished-at="2022-06-25T22:37:15 IST" duration-ms="206" status="PASS">
          <reporter-output>
          </reporter-output>
        </test-method> <!-- setUpClass -->
        <test-method signature="runScenario(cucumber.api.testng.PickleEventWrapper,cucumber.api.testng.CucumberFeatureWrapper)[pri:0, instance:runner.TestRunner@708f5957]" started-at="2022-06-25T22:37:15 IST" name="runScenario" description="Runs Cucumber Scenarios" data-provider="scenarios" finished-at="2022-06-25T22:37:44 IST" duration-ms="29186" status="PASS">
          <params>
            <param index="0">
              <value>
                <![CDATA["Invalid Login Check via Blank Mobile Number or Blank Password in the Application"]]>
              </value>
            </param>
            <param index="1">
              <value>
                <![CDATA["Login Testcases set"]]>
              </value>
            </param>
          </params>
          <reporter-output>
          </reporter-output>
        </test-method> <!-- runScenario -->
        <test-method is-config="true" signature="tearDownClass()[pri:0, instance:runner.TestRunner@708f5957]" started-at="2022-06-25T22:37:44 IST" name="tearDownClass" finished-at="2022-06-25T22:37:44 IST" duration-ms="40" status="PASS">
          <reporter-output>
          </reporter-output>
        </test-method> <!-- tearDownClass -->
      </class> <!-- runner.TestRunner -->
    </test> <!-- Default test -->
  </suite> <!-- Default suite -->
</testng-results>
